Arguments: 
  C:\Program Files\nodejs\node.exe C:\Program Files (x86)\Yarn\bin\yarn.js add express

PATH: 
  C:\Program Files (x86)\Common Files\Oracle\Java\javapath;C:\WINDOWS\system32;C:\WINDOWS;C:\WINDOWS\System32\Wbem;C:\WINDOWS\System32\WindowsPowerShell\v1.0\;C:\WINDOWS\System32\OpenSSH\;C:\Program Files\nodejs\;C:\Program Files\Git\cmd;C:\Users\logistica5\AppData\Local\Android\Sdk\tools;C:\Users\logistica5\AppData\Local\Android\Sdk\platform-tools;C:\Users\logistica5\AppData\Local\Android\Sdk\tools\bin;C:\Program Files\Java\jdk1.8.0_221\bin;C:\ProgramData\chocolatey\bin;C:\Program Files (x86)\Yarn\bin\;%USERPROFILE%\AppData\Local\Microsoft\WindowsApps;C:\Users\logistica5\AppData\Roaming\npm;C:\Users\logistica5\AppData\Local\Programs\Microsoft VS Code\bin;C:\Users\logistica5\AppData\Local\Yarn\bin;C:\Users\logistica5\AppData\Local\hyper\app-3.0.2\resources\bin

Yarn version: 
  1.17.3

Node version: 
  10.16.0

Platform: 
  win32 x64

Trace: 
  Error: connect EHOSTUNREACH 104.16.22.35:443
      at TCPConnectWrap.afterConnect [as oncomplete] (net.js:1106:14)

npm manifest: 
  {
    "name": "live-git",
    "version": "1.0.0",
    "main": "index.js",
    "license": "MIT"
  }

yarn manifest: 
  No manifest

Lockfile: 
  No lockfile
